2023-04-02 23:54:08.208840 - Initialized conversion of CBT380
2023-04-02 23:54:10.128712 - Received CBT.V504.FILE380.PDS from FILE380.XMI 
2023-04-02 23:54:10.131773 - Found $$$#DATE.txt (text/plain) in CBT.V504.FILE380.PDS, moved to PDS/$$$#DATE
2023-04-02 23:54:10.132964 - Found $$$COPYR.txt (text/plain) in CBT.V504.FILE380.PDS, moved to PDS/$$$COPYR
2023-04-02 23:54:10.134560 - Found $BROWSE.rexx (text/plain) in CBT.V504.FILE380.PDS, moved to PDS/$BROWSE
2023-04-02 23:54:10.135869 - Found $D.rexx (text/plain) in CBT.V504.FILE380.PDS, moved to PDS/$D
2023-04-02 23:54:10.137665 - Found $DASDERR.txt (text/plain) in CBT.V504.FILE380.PDS, moved to PDS/$DASDERR
2023-04-02 23:54:10.138786 - Found $DASD03.txt (text/plain) in CBT.V504.FILE380.PDS, moved to PDS/$DASD03
2023-04-02 23:54:10.140071 - Found $DIRPARM.txt (text/plain) in CBT.V504.FILE380.PDS, moved to PDS/$DIRPARM
2023-04-02 23:54:10.141185 - Found $DMS.txt (text/plain) in CBT.V504.FILE380.PDS, moved to PDS/$DMS
2023-04-02 23:54:10.142145 - Found $EDIT.rexx (text/plain) in CBT.V504.FILE380.PDS, moved to PDS/$EDIT
2023-04-02 23:54:10.143116 - Found $FREE.txt (text/plain) in CBT.V504.FILE380.PDS, moved to PDS/$FREE
2023-04-02 23:54:10.144538 - Found $ISPFSTA.txt (text/plain) in CBT.V504.FILE380.PDS, moved to PDS/$ISPFSTA
2023-04-02 23:54:10.145557 - Found $MIDI.txt (text/plain) in CBT.V504.FILE380.PDS, moved to PDS/$MIDI
2023-04-02 23:54:10.146598 - Found $MIDITL.txt (text/plain) in CBT.V504.FILE380.PDS, moved to PDS/$MIDITL
2023-04-02 23:54:10.147617 - Found $USERS.rexx (text/plain) in CBT.V504.FILE380.PDS, moved to PDS/$USERS
2023-04-02 23:54:10.149038 - Found @AMSRCAT.txt (text/plain) in CBT.V504.FILE380.PDS, moved to PDS/@AMSRCAT
2023-04-02 23:54:10.150025 - Found @C.rexx (text/plain) in CBT.V504.FILE380.PDS, moved to PDS/@C
2023-04-02 23:54:10.151015 - Found @CAPS.rexx (text/plain) in CBT.V504.FILE380.PDS, moved to PDS/@CAPS
2023-04-02 23:54:10.152423 - Found @COMPARE.rexx (text/plain) in CBT.V504.FILE380.PDS, moved to PDS/@COMPARE
2023-04-02 23:54:10.153457 - Found @DATE.rexx (text/plain) in CBT.V504.FILE380.PDS, moved to PDS/@DATE
2023-04-02 23:54:10.154677 - Found @DATEXX.rexx (text/plain) in CBT.V504.FILE380.PDS, moved to PDS/@DATEXX
2023-04-02 23:54:10.155882 - Found @DIR.txt (text/plain) in CBT.V504.FILE380.PDS, moved to PDS/@DIR
2023-04-02 23:54:10.156974 - Found @DIRPARM.rexx (text/plain) in CBT.V504.FILE380.PDS, moved to PDS/@DIRPARM
2023-04-02 23:54:10.158002 - Found @DIRSTAT.rexx (text/plain) in CBT.V504.FILE380.PDS, moved to PDS/@DIRSTAT
2023-04-02 23:54:10.158997 - Found @DSN.rexx (text/plain) in CBT.V504.FILE380.PDS, moved to PDS/@DSN
2023-04-02 23:54:10.160019 - Found @DSNQ.rexx (text/plain) in CBT.V504.FILE380.PDS, moved to PDS/@DSNQ
2023-04-02 23:54:10.160925 - Found @EDITMSK.txt (text/plain) in CBT.V504.FILE380.PDS, moved to PDS/@EDITMSK
2023-04-02 23:54:10.161807 - Found @END.rexx (text/plain) in CBT.V504.FILE380.PDS, moved to PDS/@END
2023-04-02 23:54:10.162736 - Found @FILE380.txt (text/plain) in CBT.V504.FILE380.PDS, moved to PDS/@FILE380
2023-04-02 23:54:10.163694 - Found @ICOPY.rexx (text/plain) in CBT.V504.FILE380.PDS, moved to PDS/@ICOPY
2023-04-02 23:54:10.164591 - Found @INFO.rexx (text/plain) in CBT.V504.FILE380.PDS, moved to PDS/@INFO
2023-04-02 23:54:10.165494 - Found @LAB.rexx (text/plain) in CBT.V504.FILE380.PDS, moved to PDS/@LAB
2023-04-02 23:54:10.166391 - Found @LISTRP.rexx (text/plain) in CBT.V504.FILE380.PDS, moved to PDS/@LISTRP
2023-04-02 23:54:10.167513 - Found @NOTE.rexx (text/plain) in CBT.V504.FILE380.PDS, moved to PDS/@NOTE
2023-04-02 23:54:10.168528 - Found @PRINT.txt (text/plain) in CBT.V504.FILE380.PDS, moved to PDS/@PRINT
2023-04-02 23:54:10.169443 - Found @PRINTNX.rexx (text/plain) in CBT.V504.FILE380.PDS, moved to PDS/@PRINTNX
2023-04-02 23:54:10.170342 - Found @RENAME.txt (text/plain) in CBT.V504.FILE380.PDS, moved to PDS/@RENAME
2023-04-02 23:54:10.171353 - Found @SAVE.rexx (text/plain) in CBT.V504.FILE380.PDS, moved to PDS/@SAVE
2023-04-02 23:54:10.172411 - Found @SCRIPT.rexx (text/plain) in CBT.V504.FILE380.PDS, moved to PDS/@SCRIPT
2023-04-02 23:54:10.173443 - Found @SCRPTDU.txt (text/plain) in CBT.V504.FILE380.PDS, moved to PDS/@SCRPTDU
2023-04-02 23:54:10.174317 - Found @SEARCH4.rexx (text/plain) in CBT.V504.FILE380.PDS, moved to PDS/@SEARCH4
2023-04-02 23:54:10.175371 - Found @SEQ.rexx (text/plain) in CBT.V504.FILE380.PDS, moved to PDS/@SEQ
2023-04-02 23:54:10.176396 - Found @SLCT.txt (text/plain) in CBT.V504.FILE380.PDS, moved to PDS/@SLCT
2023-04-02 23:54:10.177362 - Found @SLCTDSX.txt (text/plain) in CBT.V504.FILE380.PDS, moved to PDS/@SLCTDSX
2023-04-02 23:54:10.178314 - Found @SMALLS.rexx (text/plain) in CBT.V504.FILE380.PDS, moved to PDS/@SMALLS
2023-04-02 23:54:10.179235 - Found @SOP.rexx (text/plain) in CBT.V504.FILE380.PDS, moved to PDS/@SOP
2023-04-02 23:54:10.180187 - Found @SPELLS.rexx (text/plain) in CBT.V504.FILE380.PDS, moved to PDS/@SPELLS
2023-04-02 23:54:10.181079 - Found @STRAP.rexx (text/plain) in CBT.V504.FILE380.PDS, moved to PDS/@STRAP
2023-04-02 23:54:10.182027 - Found @STRAPD.txt (text/plain) in CBT.V504.FILE380.PDS, moved to PDS/@STRAPD
2023-04-02 23:54:10.182923 - Found @STRAPE.txt (text/plain) in CBT.V504.FILE380.PDS, moved to PDS/@STRAPE
2023-04-02 23:54:10.183894 - Found @STRAPQ.txt (text/plain) in CBT.V504.FILE380.PDS, moved to PDS/@STRAPQ
2023-04-02 23:54:10.184894 - Found @STRAPQQ.rexx (text/plain) in CBT.V504.FILE380.PDS, moved to PDS/@STRAPQQ
2023-04-02 23:54:10.185883 - Found @TIME.txt (text/plain) in CBT.V504.FILE380.PDS, moved to PDS/@TIME
2023-04-02 23:54:10.186843 - Found @TPP.rexx (text/plain) in CBT.V504.FILE380.PDS, moved to PDS/@TPP
2023-04-02 23:54:10.187774 - Found @TSO.rexx (text/plain) in CBT.V504.FILE380.PDS, moved to PDS/@TSO
2023-04-02 23:54:10.188689 - Found @TSOX.rexx (text/plain) in CBT.V504.FILE380.PDS, moved to PDS/@TSOX
2023-04-02 23:54:10.189605 - Found @TSOXD.rexx (text/plain) in CBT.V504.FILE380.PDS, moved to PDS/@TSOXD
2023-04-02 23:54:10.190486 - Found @VP.txt (text/plain) in CBT.V504.FILE380.PDS, moved to PDS/@VP
2023-04-02 23:54:10.191616 - Found @XMIT.txt (text/plain) in CBT.V504.FILE380.PDS, moved to PDS/@XMIT
2023-04-02 23:54:10.192588 - Found AFP.txt (text/plain) in CBT.V504.FILE380.PDS, moved to PDS/AFP
2023-04-02 23:54:10.193621 - Found ALIGNJCL.txt (text/plain) in CBT.V504.FILE380.PDS, moved to PDS/ALIGNJCL
2023-04-02 23:54:10.194696 - Found ALIGNTAB.rexx (text/plain) in CBT.V504.FILE380.PDS, moved to PDS/ALIGNTAB
2023-04-02 23:54:10.195768 - Found APPEND.rexx (text/plain) in CBT.V504.FILE380.PDS, moved to PDS/APPEND
2023-04-02 23:54:10.196834 - Found BIGS.txt (text/plain) in CBT.V504.FILE380.PDS, moved to PDS/BIGS
2023-04-02 23:54:10.197714 - Found BOOKREAD.txt (text/plain) in CBT.V504.FILE380.PDS, moved to PDS/BOOKREAD
2023-04-02 23:54:10.198577 - Found CBT.txt (text/plain) in CBT.V504.FILE380.PDS, moved to PDS/CBT
2023-04-02 23:54:10.199539 - Found CHECKDUP.rexx (text/plain) in CBT.V504.FILE380.PDS, moved to PDS/CHECKDUP
2023-04-02 23:54:10.200474 - Found CHECKSUM.txt (text/plain) in CBT.V504.FILE380.PDS, moved to PDS/CHECKSUM
2023-04-02 23:54:10.201400 - Found CLIST.txt (text/plain) in CBT.V504.FILE380.PDS, moved to PDS/CLIST
2023-04-02 23:54:10.202272 - Found CLISTBOX.rexx (text/plain) in CBT.V504.FILE380.PDS, moved to PDS/CLISTBOX
2023-04-02 23:54:10.203278 - Found COLS.rexx (text/plain) in CBT.V504.FILE380.PDS, moved to PDS/COLS
2023-04-02 23:54:10.204147 - Found COLSUM.txt (text/plain) in CBT.V504.FILE380.PDS, moved to PDS/COLSUM
2023-04-02 23:54:10.205026 - Found COMPRESS.txt (text/plain) in CBT.V504.FILE380.PDS, moved to PDS/COMPRESS
2023-04-02 23:54:10.205917 - Found COMPUTE.rexx (text/plain) in CBT.V504.FILE380.PDS, moved to PDS/COMPUTE
2023-04-02 23:54:10.206839 - Found COPY.txt (text/plain) in CBT.V504.FILE380.PDS, moved to PDS/COPY
2023-04-02 23:54:10.207790 - Found COPYR.txt (text/plain) in CBT.V504.FILE380.PDS, moved to PDS/COPYR
2023-04-02 23:54:10.208761 - Found CPUID.rexx (text/plain) in CBT.V504.FILE380.PDS, moved to PDS/CPUID
2023-04-02 23:54:10.209669 - Found CSON.rexx (text/plain) in CBT.V504.FILE380.PDS, moved to PDS/CSON
2023-04-02 23:54:10.210553 - Found CUT.rexx (text/plain) in CBT.V504.FILE380.PDS, moved to PDS/CUT
2023-04-02 23:54:10.211515 - Found DCFBOX.rexx (text/plain) in CBT.V504.FILE380.PDS, moved to PDS/DCFBOX
2023-04-02 23:54:10.212540 - Found DCFMSGS.rexx (text/plain) in CBT.V504.FILE380.PDS, moved to PDS/DCFMSGS
2023-04-02 23:54:10.213460 - Found DDNAME.txt (text/plain) in CBT.V504.FILE380.PDS, moved to PDS/DDNAME
2023-04-02 23:54:10.214406 - Found DESKCALC.txt (text/plain) in CBT.V504.FILE380.PDS, moved to PDS/DESKCALC
2023-04-02 23:54:10.215466 - Found DUADD.rexx (text/plain) in CBT.V504.FILE380.PDS, moved to PDS/DUADD
2023-04-02 23:54:10.216389 - Found DUADDC.txt (text/plain) in CBT.V504.FILE380.PDS, moved to PDS/DUADDC
2023-04-02 23:54:10.217275 - Found DUADDX.txt (text/plain) in CBT.V504.FILE380.PDS, moved to PDS/DUADDX
2023-04-02 23:54:10.218185 - Found DV2MM.rexx (text/plain) in CBT.V504.FILE380.PDS, moved to PDS/DV2MM
2023-04-02 23:54:10.219193 - Found EDITCHEK.rexx (text/plain) in CBT.V504.FILE380.PDS, moved to PDS/EDITCHEK
2023-04-02 23:54:10.220153 - Found EDITMEM.rexx (text/plain) in CBT.V504.FILE380.PDS, moved to PDS/EDITMEM
2023-04-02 23:54:10.221108 - Found EDITOL.rexx (text/plain) in CBT.V504.FILE380.PDS, moved to PDS/EDITOL
2023-04-02 23:54:10.222076 - Found EDITPAGE.rexx (text/plain) in CBT.V504.FILE380.PDS, moved to PDS/EDITPAGE
2023-04-02 23:54:10.223068 - Found EDITPAIR.rexx (text/plain) in CBT.V504.FILE380.PDS, moved to PDS/EDITPAIR
2023-04-02 23:54:10.224040 - Found EDITPR.rexx (text/plain) in CBT.V504.FILE380.PDS, moved to PDS/EDITPR
2023-04-02 23:54:10.225030 - Found EDITPS.rexx (text/plain) in CBT.V504.FILE380.PDS, moved to PDS/EDITPS
2023-04-02 23:54:10.225999 - Found EOL.rexx (text/plain) in CBT.V504.FILE380.PDS, moved to PDS/EOL
2023-04-02 23:54:10.226925 - Found FED1040.rexx (text/plain) in CBT.V504.FILE380.PDS, moved to PDS/FED1040
2023-04-02 23:54:10.227885 - Found FEVERY.txt (text/plain) in CBT.V504.FILE380.PDS, moved to PDS/FEVERY
2023-04-02 23:54:10.228772 - Found FGROUP.rexx (text/plain) in CBT.V504.FILE380.PDS, moved to PDS/FGROUP
2023-04-02 23:54:10.229688 - Found FIXJCL.rexx (text/plain) in CBT.V504.FILE380.PDS, moved to PDS/FIXJCL
2023-04-02 23:54:10.230587 - Found FIXLI.rexx (text/plain) in CBT.V504.FILE380.PDS, moved to PDS/FIXLI
2023-04-02 23:54:10.231667 - Found FIXP.rexx (text/plain) in CBT.V504.FILE380.PDS, moved to PDS/FIXP
2023-04-02 23:54:10.232626 - Found FIXPI.rexx (text/plain) in CBT.V504.FILE380.PDS, moved to PDS/FIXPI
2023-04-02 23:54:10.233528 - Found FIXQUOTE.rexx (text/plain) in CBT.V504.FILE380.PDS, moved to PDS/FIXQUOTE
2023-04-02 23:54:10.234426 - Found FLIPFLOP.rexx (text/plain) in CBT.V504.FILE380.PDS, moved to PDS/FLIPFLOP
2023-04-02 23:54:10.234438 - Found FLOC.bin containing application/octet-stream, moved to PDS/FLOC
2023-04-02 23:54:10.236257 - Found FLOW.rexx (text/plain) in CBT.V504.FILE380.PDS, moved to PDS/FLOW
2023-04-02 23:54:10.237239 - Found GDGNEW.rexx (text/plain) in CBT.V504.FILE380.PDS, moved to PDS/GDGNEW
2023-04-02 23:54:10.238144 - Found GETTRID.rexx (text/plain) in CBT.V504.FILE380.PDS, moved to PDS/GETTRID
2023-04-02 23:54:10.239082 - Found GML.rexx (text/plain) in CBT.V504.FILE380.PDS, moved to PDS/GML
2023-04-02 23:54:10.240068 - Found GMLTP.rexx (text/plain) in CBT.V504.FILE380.PDS, moved to PDS/GMLTP
2023-04-02 23:54:10.240950 - Found GOTDSN.txt (text/plain) in CBT.V504.FILE380.PDS, moved to PDS/GOTDSN
2023-04-02 23:54:10.241880 - Found HEXES.rexx (text/plain) in CBT.V504.FILE380.PDS, moved to PDS/HEXES
2023-04-02 23:54:10.242792 - Found HEXSHOW.rexx (text/plain) in CBT.V504.FILE380.PDS, moved to PDS/HEXSHOW
2023-04-02 23:54:10.243948 - Found HEXUS.rexx (text/plain) in CBT.V504.FILE380.PDS, moved to PDS/HEXUS
2023-04-02 23:54:10.244924 - Found IDATA.rexx (text/plain) in CBT.V504.FILE380.PDS, moved to PDS/IDATA
2023-04-02 23:54:10.245827 - Found INFOHELP.txt (text/plain) in CBT.V504.FILE380.PDS, moved to PDS/INFOHELP
2023-04-02 23:54:10.246770 - Found INSERT.rexx (text/plain) in CBT.V504.FILE380.PDS, moved to PDS/INSERT
2023-04-02 23:54:10.247678 - Found INVERT.rexx (text/plain) in CBT.V504.FILE380.PDS, moved to PDS/INVERT
2023-04-02 23:54:10.248564 - Found IOFIOF.txt (text/plain) in CBT.V504.FILE380.PDS, moved to PDS/IOFIOF
2023-04-02 23:54:10.249473 - Found JCLBOX.rexx (text/plain) in CBT.V504.FILE380.PDS, moved to PDS/JCLBOX
2023-04-02 23:54:10.250351 - Found JCLCHECK.txt (text/plain) in CBT.V504.FILE380.PDS, moved to PDS/JCLCHECK
2023-04-02 23:54:10.251348 - Found JOBCARD.rexx (text/plain) in CBT.V504.FILE380.PDS, moved to PDS/JOBCARD
2023-04-02 23:54:10.252298 - Found KILL.rexx (text/plain) in CBT.V504.FILE380.PDS, moved to PDS/KILL
2023-04-02 23:54:10.253279 - Found LABNX.rexx (text/plain) in CBT.V504.FILE380.PDS, moved to PDS/LABNX
2023-04-02 23:54:10.254214 - Found LCFIX.rexx (text/plain) in CBT.V504.FILE380.PDS, moved to PDS/LCFIX
2023-04-02 23:54:10.255206 - Found LEFT@.rexx (text/plain) in CBT.V504.FILE380.PDS, moved to PDS/LEFT@
2023-04-02 23:54:10.256080 - Found LISTDD.rexx (text/plain) in CBT.V504.FILE380.PDS, moved to PDS/LISTDD
2023-04-02 23:54:10.256977 - Found LISTRP.txt (text/plain) in CBT.V504.FILE380.PDS, moved to PDS/LISTRP
2023-04-02 23:54:10.257925 - Found LOADMOD.rexx (text/plain) in CBT.V504.FILE380.PDS, moved to PDS/LOADMOD
2023-04-02 23:54:10.258856 - Found MACMAC.rexx (text/plain) in CBT.V504.FILE380.PDS, moved to PDS/MACMAC
2023-04-02 23:54:10.259786 - Found MAKEADD.rexx (text/plain) in CBT.V504.FILE380.PDS, moved to PDS/MAKEADD
2023-04-02 23:54:10.260699 - Found MAKEMAC.rexx (text/plain) in CBT.V504.FILE380.PDS, moved to PDS/MAKEMAC
2023-04-02 23:54:10.261598 - Found MANRLAB.txt (text/plain) in CBT.V504.FILE380.PDS, moved to PDS/MANRLAB
2023-04-02 23:54:10.262490 - Found MANUALS.txt (text/plain) in CBT.V504.FILE380.PDS, moved to PDS/MANUALS
2023-04-02 23:54:10.263464 - Found MODELC.txt (text/plain) in CBT.V504.FILE380.PDS, moved to PDS/MODELC
2023-04-02 23:54:10.264425 - Found MODELL.txt (text/plain) in CBT.V504.FILE380.PDS, moved to PDS/MODELL
2023-04-02 23:54:10.265489 - Found MODELT.txt (text/plain) in CBT.V504.FILE380.PDS, moved to PDS/MODELT
2023-04-02 23:54:10.266758 - Found MURPHY.rexx (text/plain) in CBT.V504.FILE380.PDS, moved to PDS/MURPHY
2023-04-02 23:54:10.268871 - Found M0282S.txt (text/plain) in CBT.V504.FILE380.PDS, moved to PDS/M0282S
2023-04-02 23:54:10.269905 - Found NASPA.txt (text/plain) in CBT.V504.FILE380.PDS, moved to PDS/NASPA
2023-04-02 23:54:10.270869 - Found NESTCHK.txt (text/plain) in CBT.V504.FILE380.PDS, moved to PDS/NESTCHK
2023-04-02 23:54:10.271840 - Found NETWORK.rexx (text/plain) in CBT.V504.FILE380.PDS, moved to PDS/NETWORK
2023-04-02 23:54:10.272776 - Found NOTENX.rexx (text/plain) in CBT.V504.FILE380.PDS, moved to PDS/NOTENX
2023-04-02 23:54:10.273652 - Found NXNX.rexx (text/plain) in CBT.V504.FILE380.PDS, moved to PDS/NXNX
2023-04-02 23:54:10.274531 - Found O.txt (text/plain) in CBT.V504.FILE380.PDS, moved to PDS/O
2023-04-02 23:54:10.275625 - Found P.txt (text/plain) in CBT.V504.FILE380.PDS, moved to PDS/P
2023-04-02 23:54:10.276613 - Found PANELS.txt (text/plain) in CBT.V504.FILE380.PDS, moved to PDS/PANELS
2023-04-02 23:54:10.277528 - Found PASTE.rexx (text/plain) in CBT.V504.FILE380.PDS, moved to PDS/PASTE
2023-04-02 23:54:10.278441 - Found PDSDD.txt (text/plain) in CBT.V504.FILE380.PDS, moved to PDS/PDSDD
2023-04-02 23:54:10.279421 - Found PERIOD.rexx (text/plain) in CBT.V504.FILE380.PDS, moved to PDS/PERIOD
2023-04-02 23:54:10.280483 - Found PINX.txt (text/plain) in CBT.V504.FILE380.PDS, moved to PDS/PINX
2023-04-02 23:54:10.281481 - Found PINXDOIT.txt (text/plain) in CBT.V504.FILE380.PDS, moved to PDS/PINXDOIT
2023-04-02 23:54:10.282466 - Found PIR.rexx (text/plain) in CBT.V504.FILE380.PDS, moved to PDS/PIR
2023-04-02 23:54:10.283443 - Found PLACE.txt (text/plain) in CBT.V504.FILE380.PDS, moved to PDS/PLACE
2023-04-02 23:54:10.284384 - Found PLICHK.rexx (text/plain) in CBT.V504.FILE380.PDS, moved to PDS/PLICHK
2023-04-02 23:54:10.285392 - Found PLIDCLS.txt (text/plain) in CBT.V504.FILE380.PDS, moved to PDS/PLIDCLS
2023-04-02 23:54:10.286262 - Found PROC.txt (text/plain) in CBT.V504.FILE380.PDS, moved to PDS/PROC
2023-04-02 23:54:10.287258 - Found PROD01.txt (text/plain) in CBT.V504.FILE380.PDS, moved to PDS/PROD01
2023-04-02 23:54:10.288367 - Found PROPER.rexx (text/plain) in CBT.V504.FILE380.PDS, moved to PDS/PROPER
2023-04-02 23:54:10.289348 - Found PU00L.rexx (text/plain) in CBT.V504.FILE380.PDS, moved to PDS/PU00L
2023-04-02 23:54:10.290236 - Found Q.txt (text/plain) in CBT.V504.FILE380.PDS, moved to PDS/Q
2023-04-02 23:54:10.291162 - Found QHELP.rexx (text/plain) in CBT.V504.FILE380.PDS, moved to PDS/QHELP
2023-04-02 23:54:10.292034 - Found QHELP@.rexx (text/plain) in CBT.V504.FILE380.PDS, moved to PDS/QHELP@
2023-04-02 23:54:10.292898 - Found QUERYALL.txt (text/plain) in CBT.V504.FILE380.PDS, moved to PDS/QUERYALL
2023-04-02 23:54:10.293737 - Found QW.txt (text/plain) in CBT.V504.FILE380.PDS, moved to PDS/QW
2023-04-02 23:54:10.294565 - Found R.txt (text/plain) in CBT.V504.FILE380.PDS, moved to PDS/R
2023-04-02 23:54:10.295508 - Found REALLOC.txt (text/plain) in CBT.V504.FILE380.PDS, moved to PDS/REALLOC
2023-04-02 23:54:10.296442 - Found REFORMAT.rexx (text/plain) in CBT.V504.FILE380.PDS, moved to PDS/REFORMAT
2023-04-02 23:54:10.297674 - Found REMBLANK.rexx (text/plain) in CBT.V504.FILE380.PDS, moved to PDS/REMBLANK
2023-04-02 23:54:10.298622 - Found REMDUPS.rexx (text/plain) in CBT.V504.FILE380.PDS, moved to PDS/REMDUPS
2023-04-02 23:54:10.299577 - Found REPEATNX.rexx (text/plain) in CBT.V504.FILE380.PDS, moved to PDS/REPEATNX
2023-04-02 23:54:10.300496 - Found REXXBOX.rexx (text/plain) in CBT.V504.FILE380.PDS, moved to PDS/REXXBOX
2023-04-02 23:54:10.301392 - Found SCLIST72.txt (text/plain) in CBT.V504.FILE380.PDS, moved to PDS/SCLIST72
2023-04-02 23:54:10.302305 - Found SCOPY.txt (text/plain) in CBT.V504.FILE380.PDS, moved to PDS/SCOPY
2023-04-02 23:54:10.303306 - Found SCRIPTPS.rexx (text/plain) in CBT.V504.FILE380.PDS, moved to PDS/SCRIPTPS
2023-04-02 23:54:10.304311 - Found SEARCH4.rexx (text/plain) in CBT.V504.FILE380.PDS, moved to PDS/SEARCH4
2023-04-02 23:54:10.305419 - Found SELPANEL.txt (text/plain) in CBT.V504.FILE380.PDS, moved to PDS/SELPANEL
2023-04-02 23:54:10.306483 - Found SHIFT.rexx (text/plain) in CBT.V504.FILE380.PDS, moved to PDS/SHIFT
2023-04-02 23:54:10.307509 - Found SHIFTNX.rexx (text/plain) in CBT.V504.FILE380.PDS, moved to PDS/SHIFTNX
2023-04-02 23:54:10.308491 - Found SHOWDATE.rexx (text/plain) in CBT.V504.FILE380.PDS, moved to PDS/SHOWDATE
2023-04-02 23:54:10.309429 - Found SOPDUFIX.txt (text/plain) in CBT.V504.FILE380.PDS, moved to PDS/SOPDUFIX
2023-04-02 23:54:10.310344 - Found SORTCR.rexx (text/plain) in CBT.V504.FILE380.PDS, moved to PDS/SORTCR
2023-04-02 23:54:10.311321 - Found SORTEM.rexx (text/plain) in CBT.V504.FILE380.PDS, moved to PDS/SORTEM
2023-04-02 23:54:10.312390 - Found SORTG.rexx (text/plain) in CBT.V504.FILE380.PDS, moved to PDS/SORTG
2023-04-02 23:54:10.313357 - Found SPELL.rexx (text/plain) in CBT.V504.FILE380.PDS, moved to PDS/SPELL
2023-04-02 23:54:10.314290 - Found SRCH401.rexx (text/plain) in CBT.V504.FILE380.PDS, moved to PDS/SRCH401
2023-04-02 23:54:10.315226 - Found SUBMITIT.rexx (text/plain) in CBT.V504.FILE380.PDS, moved to PDS/SUBMITIT
2023-04-02 23:54:10.316183 - Found SUPERC.txt (text/plain) in CBT.V504.FILE380.PDS, moved to PDS/SUPERC
2023-04-02 23:54:10.317171 - Found SYSDSN.rexx (text/plain) in CBT.V504.FILE380.PDS, moved to PDS/SYSDSN
2023-04-02 23:54:10.318060 - Found SYSIN.txt (text/plain) in CBT.V504.FILE380.PDS, moved to PDS/SYSIN
2023-04-02 23:54:10.318970 - Found TAGX.rexx (text/plain) in CBT.V504.FILE380.PDS, moved to PDS/TAGX
2023-04-02 23:54:10.320060 - Found TEAR.rexx (text/plain) in CBT.V504.FILE380.PDS, moved to PDS/TEAR
2023-04-02 23:54:10.321001 - Found TECHPS.rexx (text/plain) in CBT.V504.FILE380.PDS, moved to PDS/TECHPS
2023-04-02 23:54:10.321848 - Found TLMSUSER.txt (text/plain) in CBT.V504.FILE380.PDS, moved to PDS/TLMSUSER
2023-04-02 23:54:10.322773 - Found TLOG.txt (text/plain) in CBT.V504.FILE380.PDS, moved to PDS/TLOG
2023-04-02 23:54:10.323680 - Found TOD.rexx (text/plain) in CBT.V504.FILE380.PDS, moved to PDS/TOD
2023-04-02 23:54:10.324676 - Found TSOOS2.rexx (text/plain) in CBT.V504.FILE380.PDS, moved to PDS/TSOOS2
2023-04-02 23:54:10.325667 - Found TSOTRAP.rexx (text/plain) in CBT.V504.FILE380.PDS, moved to PDS/TSOTRAP
2023-04-02 23:54:10.326547 - Found UNGML.rexx (text/plain) in CBT.V504.FILE380.PDS, moved to PDS/UNGML
2023-04-02 23:54:10.327500 - Found WHEREIS.rexx (text/plain) in CBT.V504.FILE380.PDS, moved to PDS/WHEREIS
2023-04-02 23:54:10.328607 - Found WHICH.txt (text/plain) in CBT.V504.FILE380.PDS, moved to PDS/WHICH
2023-04-02 23:54:10.329656 - Found WHO.rexx (text/plain) in CBT.V504.FILE380.PDS, moved to PDS/WHO
2023-04-02 23:54:10.330505 - Found WORDS.rexx (text/plain) in CBT.V504.FILE380.PDS, moved to PDS/WORDS
2023-04-02 23:54:10.331499 - Found XEVERY.txt (text/plain) in CBT.V504.FILE380.PDS, moved to PDS/XEVERY
2023-04-02 23:54:10.332561 - Found X0289S.txt (text/plain) in CBT.V504.FILE380.PDS, moved to PDS/X0289S
